<?xml version="1.0" encoding="utf-8"?><testsuites><testsuite name="pytest" errors="0" failures="0" skipped="0" tests="3" time="18.389" timestamp="2024-10-22T13:55:47.117004+02:00" hostname="khesse-L7490"><testcase classname="tests.regression" name="test_generic[top:compile_test]" time="1.012" /><testcase classname="tests.regression" name="test_generic[ucdp_afifo:afifo_test]" time="5.420" /><testcase classname="tests.regression" name="test_generic[ucdp_sfifo:sfifo_test]" time="11.551" /></testsuite></testsuites>