<?xml version="1.0" encoding="utf-8"?><testsuites><testsuite name="pytest" errors="0" failures="0" skipped="0" tests="3" time="4.323" timestamp="2024-10-23T20:21:53.205623+02:00" hostname="khesse-L7490"><testcase classname="tests.regression" name="test_generic[top:compile_test]" time="0.876" /><testcase classname="tests.regression" name="test_generic[ucdp_afifo:afifo_test]" time="1.819" /><testcase classname="tests.regression" name="test_generic[ucdp_sfifo:sfifo_test]" time="1.243" /></testsuite></testsuites>
